{"C:\\Dev\\frontend-project-46\\src\\gendiff.js": {"path":"C:\\Dev\\frontend-project-46\\src\\gendiff.js","statementMap":{"0":{"start":{"line":4,"column":16},"end":{"line":25,"column":1}},"1":{"start":{"line":5,"column":15},"end":{"line":5,"column":35}},"2":{"start":{"line":6,"column":15},"end":{"line":6,"column":35}},"3":{"start":{"line":9,"column":15},"end":{"line":9,"column":70}},"4":{"start":{"line":12,"column":16},"end":{"line":23,"column":4}},"5":{"start":{"line":13,"column":4},"end":{"line":15,"column":5}},"6":{"start":{"line":14,"column":6},"end":{"line":14,"column":40}},"7":{"start":{"line":16,"column":4},"end":{"line":18,"column":5}},"8":{"start":{"line":17,"column":6},"end":{"line":17,"column":40}},"9":{"start":{"line":19,"column":4},"end":{"line":21,"column":5}},"10":{"start":{"line":20,"column":6},"end":{"line":20,"column":38}},"11":{"start":{"line":22,"column":4},"end":{"line":22,"column":64}},"12":{"start":{"line":24,"column":2},"end":{"line":24,"column":37}}},"fnMap":{"0":{"name":"(anonymous_0)","decl":{"start":{"line":4,"column":16},"end":{"line":4,"column":17}},"loc":{"start":{"line":4,"column":42},"end":{"line":25,"column":1}},"line":4},"1":{"name":"(anonymous_1)","decl":{"start":{"line":12,"column":25},"end":{"line":12,"column":26}},"loc":{"start":{"line":12,"column":34},"end":{"line":23,"column":3}},"line":12}},"branchMap":{"0":{"loc":{"start":{"line":13,"column":4},"end":{"line":15,"column":5}},"type":"if","locations":[{"start":{"line":13,"column":4},"end":{"line":15,"column":5}},{"start":{},"end":{}}],"line":13},"1":{"loc":{"start":{"line":16,"column":4},"end":{"line":18,"column":5}},"type":"if","locations":[{"start":{"line":16,"column":4},"end":{"line":18,"column":5}},{"start":{},"end":{}}],"line":16},"2":{"loc":{"start":{"line":19,"column":4},"end":{"line":21,"column":5}},"type":"if","locations":[{"start":{"line":19,"column":4},"end":{"line":21,"column":5}},{"start":{},"end":{}}],"line":19}},"s":{"0":1,"1":9,"2":8,"3":8,"4":8,"5":27,"6":3,"7":24,"8":6,"9":18,"10":15,"11":3,"12":8},"f":{"0":9,"1":27},"b":{"0":[3,24],"1":[6,18],"2":[15,3]},"inputSourceMap":null,"_coverageSchema":"1a1c01bbd47fc00a2c39e90264f33305004495a9","hash":"3e2a5faedf821f87563df424ca7ed68b1644f77c"}
,"C:\\Dev\\frontend-project-46\\src\\parser\\parsers.js": {"path":"C:\\Dev\\frontend-project-46\\src\\parser\\parsers.js","statementMap":{"0":{"start":{"line":5,"column":18},"end":{"line":19,"column":1}},"1":{"start":{"line":6,"column":18},"end":{"line":6,"column":31}},"2":{"start":{"line":7,"column":15},"end":{"line":7,"column":88}},"3":{"start":{"line":8,"column":21},"end":{"line":8,"column":43}},"4":{"start":{"line":10,"column":2},"end":{"line":18,"column":3}},"5":{"start":{"line":13,"column":6},"end":{"line":13,"column":29}},"6":{"start":{"line":15,"column":6},"end":{"line":15,"column":30}},"7":{"start":{"line":17,"column":6},"end":{"line":17,"column":64}}},"fnMap":{"0":{"name":"(anonymous_0)","decl":{"start":{"line":5,"column":18},"end":{"line":5,"column":19}},"loc":{"start":{"line":5,"column":32},"end":{"line":19,"column":1}},"line":5}},"branchMap":{"0":{"loc":{"start":{"line":10,"column":2},"end":{"line":18,"column":3}},"type":"switch","locations":[{"start":{"line":11,"column":4},"end":{"line":11,"column":17}},{"start":{"line":12,"column":4},"end":{"line":13,"column":29}},{"start":{"line":14,"column":4},"end":{"line":15,"column":30}},{"start":{"line":16,"column":4},"end":{"line":17,"column":64}}],"line":10}},"s":{"0":1,"1":17,"2":17,"3":17,"4":17,"5":10,"6":6,"7":1},"f":{"0":17},"b":{"0":[4,10,6,1]},"inputSourceMap":null,"_coverageSchema":"1a1c01bbd47fc00a2c39e90264f33305004495a9","hash":"23f426ef4f391734e4af6a6d41ef59e2eba61f22"}
}
