{"C:\\Dev\\frontend-project-46\\src\\buildTreeDiff.js": {"path":"C:\\Dev\\frontend-project-46\\src\\buildTreeDiff.js","statementMap":{"0":{"start":{"line":3,"column":22},"end":{"line":32,"column":1}},"1":{"start":{"line":5,"column":15},"end":{"line":5,"column":70}},"2":{"start":{"line":6,"column":21},"end":{"line":6,"column":35}},"3":{"start":{"line":8,"column":2},"end":{"line":31,"column":5}},"4":{"start":{"line":9,"column":4},"end":{"line":11,"column":5}},"5":{"start":{"line":10,"column":6},"end":{"line":10,"column":56}},"6":{"start":{"line":12,"column":4},"end":{"line":14,"column":5}},"7":{"start":{"line":13,"column":6},"end":{"line":13,"column":54}},"8":{"start":{"line":15,"column":4},"end":{"line":21,"column":5}},"9":{"start":{"line":16,"column":6},"end":{"line":20,"column":8}},"10":{"start":{"line":22,"column":4},"end":{"line":29,"column":5}},"11":{"start":{"line":23,"column":6},"end":{"line":28,"column":8}},"12":{"start":{"line":30,"column":4},"end":{"line":30,"column":56}}},"fnMap":{"0":{"name":"(anonymous_0)","decl":{"start":{"line":3,"column":22},"end":{"line":3,"column":23}},"loc":{"start":{"line":3,"column":38},"end":{"line":32,"column":1}},"line":3},"1":{"name":"(anonymous_1)","decl":{"start":{"line":8,"column":24},"end":{"line":8,"column":25}},"loc":{"start":{"line":8,"column":33},"end":{"line":31,"column":3}},"line":8}},"branchMap":{"0":{"loc":{"start":{"line":9,"column":4},"end":{"line":11,"column":5}},"type":"if","locations":[{"start":{"line":9,"column":4},"end":{"line":11,"column":5}},{"start":{},"end":{}}],"line":9},"1":{"loc":{"start":{"line":12,"column":4},"end":{"line":14,"column":5}},"type":"if","locations":[{"start":{"line":12,"column":4},"end":{"line":14,"column":5}},{"start":{},"end":{}}],"line":12},"2":{"loc":{"start":{"line":15,"column":4},"end":{"line":21,"column":5}},"type":"if","locations":[{"start":{"line":15,"column":4},"end":{"line":21,"column":5}},{"start":{},"end":{}}],"line":15},"3":{"loc":{"start":{"line":15,"column":8},"end":{"line":15,"column":54}},"type":"binary-expr","locations":[{"start":{"line":15,"column":8},"end":{"line":15,"column":29}},{"start":{"line":15,"column":33},"end":{"line":15,"column":54}}],"line":15},"4":{"loc":{"start":{"line":22,"column":4},"end":{"line":29,"column":5}},"type":"if","locations":[{"start":{"line":22,"column":4},"end":{"line":29,"column":5}},{"start":{},"end":{}}],"line":22}},"s":{"0":1,"1":30,"2":30,"3":30,"4":108,"5":12,"6":96,"7":30,"8":66,"9":24,"10":42,"11":24,"12":18},"f":{"0":30,"1":108},"b":{"0":[12,96],"1":[30,66],"2":[24,42],"3":[66,30],"4":[24,18]},"inputSourceMap":null,"_coverageSchema":"1a1c01bbd47fc00a2c39e90264f33305004495a9","hash":"2431f1afe73d12846f2644fd82a83c0bb92ab806"}
,"C:\\Dev\\frontend-project-46\\src\\gendiff.js": {"path":"C:\\Dev\\frontend-project-46\\src\\gendiff.js","statementMap":{"0":{"start":{"line":5,"column":16},"end":{"line":11,"column":1}},"1":{"start":{"line":6,"column":15},"end":{"line":6,"column":35}},"2":{"start":{"line":7,"column":15},"end":{"line":7,"column":35}},"3":{"start":{"line":8,"column":15},"end":{"line":8,"column":40}},"4":{"start":{"line":9,"column":21},"end":{"line":9,"column":38}},"5":{"start":{"line":10,"column":2},"end":{"line":10,"column":26}}},"fnMap":{"0":{"name":"(anonymous_0)","decl":{"start":{"line":5,"column":16},"end":{"line":5,"column":17}},"loc":{"start":{"line":5,"column":62},"end":{"line":11,"column":1}},"line":5}},"branchMap":{"0":{"loc":{"start":{"line":5,"column":39},"end":{"line":5,"column":57}},"type":"default-arg","locations":[{"start":{"line":5,"column":48},"end":{"line":5,"column":57}}],"line":5}},"s":{"0":1,"1":6,"2":6,"3":6,"4":6,"5":6},"f":{"0":6},"b":{"0":[2]},"inputSourceMap":null,"_coverageSchema":"1a1c01bbd47fc00a2c39e90264f33305004495a9","hash":"2eb441cfe8cbcf0aedf4bf5c6aa9c6db3e3f0a5c"}
,"C:\\Dev\\frontend-project-46\\src\\formatters\\index.js": {"path":"C:\\Dev\\frontend-project-46\\src\\formatters\\index.js","statementMap":{"0":{"start":{"line":5,"column":18},"end":{"line":16,"column":1}},"1":{"start":{"line":6,"column":2},"end":{"line":15,"column":3}},"2":{"start":{"line":8,"column":6},"end":{"line":8,"column":27}},"3":{"start":{"line":10,"column":6},"end":{"line":10,"column":25}},"4":{"start":{"line":12,"column":6},"end":{"line":12,"column":24}},"5":{"start":{"line":14,"column":6},"end":{"line":14,"column":51}}},"fnMap":{"0":{"name":"(anonymous_0)","decl":{"start":{"line":5,"column":18},"end":{"line":5,"column":19}},"loc":{"start":{"line":5,"column":30},"end":{"line":16,"column":1}},"line":5}},"branchMap":{"0":{"loc":{"start":{"line":6,"column":2},"end":{"line":15,"column":3}},"type":"switch","locations":[{"start":{"line":7,"column":4},"end":{"line":8,"column":27}},{"start":{"line":9,"column":4},"end":{"line":10,"column":25}},{"start":{"line":11,"column":4},"end":{"line":12,"column":24}},{"start":{"line":13,"column":4},"end":{"line":14,"column":51}}],"line":6}},"s":{"0":1,"1":6,"2":2,"3":2,"4":2,"5":0},"f":{"0":6},"b":{"0":[2,2,2,0]},"inputSourceMap":null,"_coverageSchema":"1a1c01bbd47fc00a2c39e90264f33305004495a9","hash":"7fa9e4ecd9ec72e1ff87a6f553ed4408676fd0d4"}
,"C:\\Dev\\frontend-project-46\\src\\formatters\\json.js": {"path":"C:\\Dev\\frontend-project-46\\src\\formatters\\json.js","statementMap":{"0":{"start":{"line":1,"column":19},"end":{"line":1,"column":58}},"1":{"start":{"line":1,"column":29},"end":{"line":1,"column":58}}},"fnMap":{"0":{"name":"(anonymous_0)","decl":{"start":{"line":1,"column":19},"end":{"line":1,"column":20}},"loc":{"start":{"line":1,"column":29},"end":{"line":1,"column":58}},"line":1}},"branchMap":{},"s":{"0":1,"1":2},"f":{"0":2},"b":{},"inputSourceMap":null,"_coverageSchema":"1a1c01bbd47fc00a2c39e90264f33305004495a9","hash":"e988c2e2effd6296738de0d9411bdb787d86419f"}
,"C:\\Dev\\frontend-project-46\\src\\formatters\\plain.js": {"path":"C:\\Dev\\frontend-project-46\\src\\formatters\\plain.js","statementMap":{"0":{"start":{"line":3,"column":18},"end":{"line":11,"column":1}},"1":{"start":{"line":4,"column":2},"end":{"line":6,"column":3}},"2":{"start":{"line":5,"column":4},"end":{"line":5,"column":29}},"3":{"start":{"line":7,"column":2},"end":{"line":9,"column":3}},"4":{"start":{"line":8,"column":4},"end":{"line":8,"column":24}},"5":{"start":{"line":10,"column":2},"end":{"line":10,"column":15}},"6":{"start":{"line":13,"column":20},"end":{"line":45,"column":1}},"7":{"start":{"line":14,"column":15},"end":{"line":43,"column":3}},"8":{"start":{"line":15,"column":19},"end":{"line":41,"column":6}},"9":{"start":{"line":22,"column":10},"end":{"line":22,"column":14}},"10":{"start":{"line":23,"column":19},"end":{"line":23,"column":37}},"11":{"start":{"line":24,"column":23},"end":{"line":24,"column":37}},"12":{"start":{"line":26,"column":6},"end":{"line":40,"column":7}},"13":{"start":{"line":28,"column":10},"end":{"line":28,"column":84}},"14":{"start":{"line":30,"column":10},"end":{"line":30,"column":54}},"15":{"start":{"line":32,"column":10},"end":{"line":32,"column":22}},"16":{"start":{"line":34,"column":10},"end":{"line":34,"column":114}},"17":{"start":{"line":37,"column":10},"end":{"line":37,"column":38}},"18":{"start":{"line":39,"column":10},"end":{"line":39,"column":51}},"19":{"start":{"line":42,"column":4},"end":{"line":42,"column":45}},"20":{"start":{"line":44,"column":2},"end":{"line":44,"column":24}}},"fnMap":{"0":{"name":"(anonymous_0)","decl":{"start":{"line":3,"column":18},"end":{"line":3,"column":19}},"loc":{"start":{"line":3,"column":29},"end":{"line":11,"column":1}},"line":3},"1":{"name":"(anonymous_1)","decl":{"start":{"line":13,"column":20},"end":{"line":13,"column":21}},"loc":{"start":{"line":13,"column":30},"end":{"line":45,"column":1}},"line":13},"2":{"name":"(anonymous_2)","decl":{"start":{"line":14,"column":15},"end":{"line":14,"column":16}},"loc":{"start":{"line":14,"column":35},"end":{"line":43,"column":3}},"line":14},"3":{"name":"(anonymous_3)","decl":{"start":{"line":15,"column":28},"end":{"line":15,"column":29}},"loc":{"start":{"line":15,"column":38},"end":{"line":41,"column":5}},"line":15}},"branchMap":{"0":{"loc":{"start":{"line":4,"column":2},"end":{"line":6,"column":3}},"type":"if","locations":[{"start":{"line":4,"column":2},"end":{"line":6,"column":3}},{"start":{},"end":{}}],"line":4},"1":{"loc":{"start":{"line":7,"column":2},"end":{"line":9,"column":3}},"type":"if","locations":[{"start":{"line":7,"column":2},"end":{"line":9,"column":3}},{"start":{},"end":{}}],"line":7},"2":{"loc":{"start":{"line":14,"column":22},"end":{"line":14,"column":30}},"type":"default-arg","locations":[{"start":{"line":14,"column":28},"end":{"line":14,"column":30}}],"line":14},"3":{"loc":{"start":{"line":26,"column":6},"end":{"line":40,"column":7}},"type":"switch","locations":[{"start":{"line":27,"column":8},"end":{"line":28,"column":84}},{"start":{"line":29,"column":8},"end":{"line":30,"column":54}},{"start":{"line":31,"column":8},"end":{"line":32,"column":22}},{"start":{"line":33,"column":8},"end":{"line":34,"column":114}},{"start":{"line":35,"column":8},"end":{"line":35,"column":21}},{"start":{"line":36,"column":8},"end":{"line":37,"column":38}},{"start":{"line":38,"column":8},"end":{"line":39,"column":51}}],"line":26}},"s":{"0":1,"1":26,"2":6,"3":20,"4":14,"5":6,"6":1,"7":2,"8":10,"9":36,"10":36,"11":36,"12":36,"13":10,"14":4,"15":6,"16":8,"17":8,"18":0,"19":10,"20":2},"f":{"0":26,"1":2,"2":10,"3":36},"b":{"0":[6,20],"1":[14,6],"2":[0],"3":[10,4,6,8,0,8,0]},"inputSourceMap":null,"_coverageSchema":"1a1c01bbd47fc00a2c39e90264f33305004495a9","hash":"113f51f83f4b52555950cff3aff56f1ece98daf0"}
,"C:\\Dev\\frontend-project-46\\src\\formatters\\stylish.js": {"path":"C:\\Dev\\frontend-project-46\\src\\formatters\\stylish.js","statementMap":{"0":{"start":{"line":3,"column":18},"end":{"line":11,"column":1}},"1":{"start":{"line":4,"column":2},"end":{"line":6,"column":3}},"2":{"start":{"line":5,"column":4},"end":{"line":5,"column":22}},"3":{"start":{"line":7,"column":17},"end":{"line":7,"column":38}},"4":{"start":{"line":8,"column":24},"end":{"line":8,"column":43}},"5":{"start":{"line":9,"column":16},"end":{"line":9,"column":106}},"6":{"start":{"line":9,"column":58},"end":{"line":9,"column":105}},"7":{"start":{"line":10,"column":2},"end":{"line":10,"column":53}},"8":{"start":{"line":13,"column":22},"end":{"line":47,"column":1}},"9":{"start":{"line":14,"column":15},"end":{"line":44,"column":3}},"10":{"start":{"line":15,"column":23},"end":{"line":15,"column":50}},"11":{"start":{"line":16,"column":18},"end":{"line":42,"column":6}},"12":{"start":{"line":24,"column":10},"end":{"line":24,"column":14}},"13":{"start":{"line":25,"column":28},"end":{"line":25,"column":47}},"14":{"start":{"line":26,"column":6},"end":{"line":41,"column":7}},"15":{"start":{"line":28,"column":10},"end":{"line":28,"column":72}},"16":{"start":{"line":30,"column":10},"end":{"line":30,"column":75}},"17":{"start":{"line":32,"column":10},"end":{"line":32,"column":75}},"18":{"start":{"line":34,"column":10},"end":{"line":34,"column":74}},"19":{"start":{"line":36,"column":10},"end":{"line":38,"column":76}},"20":{"start":{"line":40,"column":10},"end":{"line":40,"column":51}},"21":{"start":{"line":43,"column":4},"end":{"line":43,"column":52}},"22":{"start":{"line":46,"column":2},"end":{"line":46,"column":23}}},"fnMap":{"0":{"name":"(anonymous_0)","decl":{"start":{"line":3,"column":18},"end":{"line":3,"column":19}},"loc":{"start":{"line":3,"column":36},"end":{"line":11,"column":1}},"line":3},"1":{"name":"(anonymous_1)","decl":{"start":{"line":9,"column":42},"end":{"line":9,"column":43}},"loc":{"start":{"line":9,"column":58},"end":{"line":9,"column":105}},"line":9},"2":{"name":"(anonymous_2)","decl":{"start":{"line":13,"column":22},"end":{"line":13,"column":23}},"loc":{"start":{"line":13,"column":32},"end":{"line":47,"column":1}},"line":13},"3":{"name":"(anonymous_3)","decl":{"start":{"line":14,"column":15},"end":{"line":14,"column":16}},"loc":{"start":{"line":14,"column":40},"end":{"line":44,"column":3}},"line":14},"4":{"name":"(anonymous_4)","decl":{"start":{"line":16,"column":39},"end":{"line":16,"column":40}},"loc":{"start":{"line":16,"column":49},"end":{"line":42,"column":5}},"line":16}},"branchMap":{"0":{"loc":{"start":{"line":4,"column":2},"end":{"line":6,"column":3}},"type":"if","locations":[{"start":{"line":4,"column":2},"end":{"line":6,"column":3}},{"start":{},"end":{}}],"line":4},"1":{"loc":{"start":{"line":26,"column":6},"end":{"line":41,"column":7}},"type":"switch","locations":[{"start":{"line":27,"column":8},"end":{"line":28,"column":72}},{"start":{"line":29,"column":8},"end":{"line":30,"column":75}},{"start":{"line":31,"column":8},"end":{"line":32,"column":75}},{"start":{"line":33,"column":8},"end":{"line":34,"column":74}},{"start":{"line":35,"column":8},"end":{"line":38,"column":76}},{"start":{"line":39,"column":8},"end":{"line":40,"column":51}}],"line":26}},"s":{"0":1,"1":54,"2":40,"3":14,"4":14,"5":14,"6":18,"7":14,"8":1,"9":2,"10":10,"11":10,"12":36,"13":36,"14":36,"15":8,"16":10,"17":4,"18":6,"19":8,"20":0,"21":10,"22":2},"f":{"0":54,"1":18,"2":2,"3":10,"4":36},"b":{"0":[40,14],"1":[8,10,4,6,8,0]},"inputSourceMap":null,"_coverageSchema":"1a1c01bbd47fc00a2c39e90264f33305004495a9","hash":"50b6212d4680ec482f97a0ae3e1ad999be7ce5f1"}
,"C:\\Dev\\frontend-project-46\\src\\parser\\parsers.js": {"path":"C:\\Dev\\frontend-project-46\\src\\parser\\parsers.js","statementMap":{"0":{"start":{"line":5,"column":18},"end":{"line":19,"column":1}},"1":{"start":{"line":6,"column":18},"end":{"line":6,"column":31}},"2":{"start":{"line":7,"column":15},"end":{"line":7,"column":88}},"3":{"start":{"line":8,"column":21},"end":{"line":8,"column":43}},"4":{"start":{"line":10,"column":2},"end":{"line":18,"column":3}},"5":{"start":{"line":13,"column":6},"end":{"line":13,"column":29}},"6":{"start":{"line":15,"column":6},"end":{"line":15,"column":30}},"7":{"start":{"line":17,"column":6},"end":{"line":17,"column":64}}},"fnMap":{"0":{"name":"(anonymous_0)","decl":{"start":{"line":5,"column":18},"end":{"line":5,"column":19}},"loc":{"start":{"line":5,"column":32},"end":{"line":19,"column":1}},"line":5}},"branchMap":{"0":{"loc":{"start":{"line":10,"column":2},"end":{"line":18,"column":3}},"type":"switch","locations":[{"start":{"line":11,"column":4},"end":{"line":11,"column":17}},{"start":{"line":12,"column":4},"end":{"line":13,"column":29}},{"start":{"line":14,"column":4},"end":{"line":15,"column":30}},{"start":{"line":16,"column":4},"end":{"line":17,"column":64}}],"line":10}},"s":{"0":1,"1":12,"2":12,"3":12,"4":12,"5":6,"6":6,"7":0},"f":{"0":12},"b":{"0":[0,6,6,0]},"inputSourceMap":null,"_coverageSchema":"1a1c01bbd47fc00a2c39e90264f33305004495a9","hash":"23f426ef4f391734e4af6a6d41ef59e2eba61f22"}
}
