TN:
SF:src\buildTreeDiff.js
FN:3,(anonymous_0)
FN:8,(anonymous_1)
FNF:2
FNH:2
FNDA:30,(anonymous_0)
FNDA:108,(anonymous_1)
DA:3,1
DA:5,30
DA:6,30
DA:8,30
DA:9,108
DA:10,12
DA:12,96
DA:13,30
DA:15,66
DA:16,24
DA:22,42
DA:23,24
DA:30,18
LF:13
LH:13
BRDA:9,0,0,12
BRDA:9,0,1,96
BRDA:12,1,0,30
BRDA:12,1,1,66
BRDA:15,2,0,24
BRDA:15,2,1,42
BRDA:15,3,0,66
BRDA:15,3,1,30
BRDA:22,4,0,24
BRDA:22,4,1,18
BRF:10
BRH:10
end_of_record
TN:
SF:src\gendiff.js
FN:5,(anonymous_0)
FNF:1
FNH:1
FNDA:6,(anonymous_0)
DA:5,1
DA:6,6
DA:7,6
DA:8,6
DA:9,6
DA:10,6
LF:6
LH:6
BRDA:5,0,0,2
BRF:1
BRH:1
end_of_record
TN:
SF:src\formatters\index.js
FN:5,(anonymous_0)
FNF:1
FNH:1
FNDA:6,(anonymous_0)
DA:5,1
DA:6,6
DA:8,2
DA:10,2
DA:12,2
DA:14,0
LF:6
LH:5
BRDA:6,0,0,2
BRDA:6,0,1,2
BRDA:6,0,2,2
BRDA:6,0,3,0
BRF:4
BRH:3
end_of_record
TN:
SF:src\formatters\json.js
FN:1,(anonymous_0)
FNF:1
FNH:1
FNDA:2,(anonymous_0)
DA:1,2
LF:1
LH:1
BRF:0
BRH:0
end_of_record
TN:
SF:src\formatters\plain.js
FN:3,(anonymous_0)
FN:13,(anonymous_1)
FN:14,(anonymous_2)
FN:15,(anonymous_3)
FNF:4
FNH:4
FNDA:26,(anonymous_0)
FNDA:2,(anonymous_1)
FNDA:10,(anonymous_2)
FNDA:36,(anonymous_3)
DA:3,1
DA:4,26
DA:5,6
DA:7,20
DA:8,14
DA:10,6
DA:13,1
DA:14,2
DA:15,10
DA:22,36
DA:23,36
DA:24,36
DA:26,36
DA:28,10
DA:30,4
DA:32,6
DA:34,8
DA:37,8
DA:39,0
DA:42,10
DA:44,2
LF:21
LH:20
BRDA:4,0,0,6
BRDA:4,0,1,20
BRDA:7,1,0,14
BRDA:7,1,1,6
BRDA:14,2,0,0
BRDA:26,3,0,10
BRDA:26,3,1,4
BRDA:26,3,2,6
BRDA:26,3,3,8
BRDA:26,3,4,0
BRDA:26,3,5,8
BRDA:26,3,6,0
BRF:12
BRH:9
end_of_record
TN:
SF:src\formatters\stylish.js
FN:3,(anonymous_0)
FN:9,(anonymous_1)
FN:13,(anonymous_2)
FN:14,(anonymous_3)
FN:16,(anonymous_4)
FNF:5
FNH:5
FNDA:54,(anonymous_0)
FNDA:18,(anonymous_1)
FNDA:2,(anonymous_2)
FNDA:10,(anonymous_3)
FNDA:36,(anonymous_4)
DA:3,1
DA:4,54
DA:5,40
DA:7,14
DA:8,14
DA:9,18
DA:10,14
DA:13,1
DA:14,2
DA:15,10
DA:16,10
DA:24,36
DA:25,36
DA:26,36
DA:28,8
DA:30,10
DA:32,4
DA:34,6
DA:36,8
DA:40,0
DA:43,10
DA:46,2
LF:22
LH:21
BRDA:4,0,0,40
BRDA:4,0,1,14
BRDA:26,1,0,8
BRDA:26,1,1,10
BRDA:26,1,2,4
BRDA:26,1,3,6
BRDA:26,1,4,8
BRDA:26,1,5,0
BRF:8
BRH:7
end_of_record
TN:
SF:src\parser\parsers.js
FN:5,(anonymous_0)
FNF:1
FNH:1
FNDA:12,(anonymous_0)
DA:5,1
DA:6,12
DA:7,12
DA:8,12
DA:10,12
DA:13,6
DA:15,6
DA:17,0
LF:8
LH:7
BRDA:10,0,0,0
BRDA:10,0,1,6
BRDA:10,0,2,6
BRDA:10,0,3,0
BRF:4
BRH:2
end_of_record
